{"level":"error","message":"Error fetching notification:","stack":"at notification (/opt/lampp/htdocs/stayable/server/src/controllers/common/notificationController.js:18:4)","timestamp":"2024-03-01T04:04:33.549Z"}
{"level":"error","message":"Error fetching notification:","stack":"at notification (/opt/lampp/htdocs/stayable/server/src/controllers/common/notificationController.js:18:4)","timestamp":"2024-03-01T04:04:33.663Z"}
{"level":"error","message":"Error fetching notification:","stack":"at notification (/opt/lampp/htdocs/stayable/server/src/controllers/common/notificationController.js:18:4)","timestamp":"2024-03-01T04:05:02.480Z"}
{"level":"error","message":"Error fetching notification:","stack":"at notification (/opt/lampp/htdocs/stayable/server/src/controllers/common/notificationController.js:18:4)","timestamp":"2024-03-01T04:05:02.575Z"}
{"level":"error","message":"CastError: Cast to ObjectId failed for value \"\" (type string) at path \"hotelId\" for model \"rooms\"","stack":"at /opt/lampp/htdocs/stayable/server/src/middleware/catchErrors.js:6:3","timestamp":"2024-03-01T04:05:46.189Z"}
{"level":"error","message":"CastError: Cast to ObjectId failed for value \"\" (type string) at path \"hotelId\" for model \"rooms\"","stack":"at /opt/lampp/htdocs/stayable/server/src/middleware/catchErrors.js:6:3","timestamp":"2024-03-01T04:05:46.200Z"}
{"level":"error","message":"TypeError: Cannot read properties of undefined (reading 'prices')","stack":"at /opt/lampp/htdocs/stayable/server/src/middleware/catchErrors.js:6:3","timestamp":"2024-03-01T04:10:55.101Z"}
{"level":"error","message":"MissingSchemaError: Schema hasn't been registered for model \"RoomType\".\nUse mongoose.model(name, schema)","stack":"at /opt/lampp/htdocs/stayable/server/src/middleware/catchErrors.js:6:3","timestamp":"2024-03-01T04:19:01.215Z"}
{"level":"error","message":"MissingSchemaError: Schema hasn't been registered for model \"RoomType\".\nUse mongoose.model(name, schema)","stack":"at /opt/lampp/htdocs/stayable/server/src/middleware/catchErrors.js:6:3","timestamp":"2024-03-01T04:19:55.266Z"}
{"level":"error","message":"Error fetching notification:","stack":"at notification (/opt/lampp/htdocs/stayable/server/src/controllers/common/notificationController.js:18:4)","timestamp":"2024-03-01T04:21:39.748Z"}
{"level":"error","message":"Error fetching notification:","stack":"at notification (/opt/lampp/htdocs/stayable/server/src/controllers/common/notificationController.js:18:4)","timestamp":"2024-03-01T04:21:39.845Z"}
{"level":"error","message":"Error fetching notification:","stack":"at notification (/opt/lampp/htdocs/stayable/server/src/controllers/common/notificationController.js:18:4)","timestamp":"2024-03-01T04:51:18.815Z"}
{"level":"error","message":"Error fetching notification:","stack":"at notification (/opt/lampp/htdocs/stayable/server/src/controllers/common/notificationController.js:18:4)","timestamp":"2024-03-01T04:51:19.068Z"}
{"level":"error","message":"Error fetching notification:","stack":"at notification (/opt/lampp/htdocs/stayable/server/src/controllers/common/notificationController.js:18:4)","timestamp":"2024-03-01T04:51:38.781Z"}
{"level":"error","message":"Error fetching notification:","stack":"at notification (/opt/lampp/htdocs/stayable/server/src/controllers/common/notificationController.js:18:4)","timestamp":"2024-03-01T04:51:38.904Z"}
{"level":"error","message":"Error fetching notification:","stack":"at notification (/opt/lampp/htdocs/stayable/server/src/controllers/common/notificationController.js:18:4)","timestamp":"2024-03-01T04:52:51.449Z"}
{"level":"error","message":"Error fetching notification:","stack":"at notification (/opt/lampp/htdocs/stayable/server/src/controllers/common/notificationController.js:18:4)","timestamp":"2024-03-01T04:52:51.511Z"}
{"level":"error","message":"Error fetching notification:","stack":"at notification (/opt/lampp/htdocs/stayable/server/src/controllers/common/notificationController.js:18:4)","timestamp":"2024-03-01T04:53:16.398Z"}
{"level":"error","message":"Error fetching notification:","stack":"at notification (/opt/lampp/htdocs/stayable/server/src/controllers/common/notificationController.js:18:4)","timestamp":"2024-03-01T04:53:16.506Z"}
{"level":"error","message":"Error fetching notification:","stack":"at notification (/opt/lampp/htdocs/stayable/server/src/controllers/common/notificationController.js:18:4)","timestamp":"2024-03-01T04:53:54.036Z"}
{"level":"error","message":"Error fetching notification:","stack":"at notification (/opt/lampp/htdocs/stayable/server/src/controllers/common/notificationController.js:18:4)","timestamp":"2024-03-01T04:53:54.090Z"}
{"level":"error","message":"TypeError: Expected a function","stack":"at /opt/lampp/htdocs/stayable/server/src/middleware/catchErrors.js:6:3","timestamp":"2024-03-01T05:13:03.989Z"}
{"level":"error","message":"TypeError: Expected a function","stack":"at /opt/lampp/htdocs/stayable/server/src/middleware/catchErrors.js:6:3","timestamp":"2024-03-01T05:13:28.404Z"}
{"level":"error","message":"Error fetching notification:","stack":"at notification (/opt/lampp/htdocs/stayable/server/src/controllers/common/notificationController.js:18:4)","timestamp":"2024-03-01T05:20:34.920Z"}
{"level":"error","message":"Error fetching notification:","stack":"at notification (/opt/lampp/htdocs/stayable/server/src/controllers/common/notificationController.js:18:4)","timestamp":"2024-03-01T05:20:34.974Z"}
{"level":"error","message":"Error fetching notification:","stack":"at notification (/opt/lampp/htdocs/stayable/server/src/controllers/common/notificationController.js:18:4)","timestamp":"2024-03-01T05:21:58.775Z"}
{"level":"error","message":"Error fetching notification:","stack":"at notification (/opt/lampp/htdocs/stayable/server/src/controllers/common/notificationController.js:18:4)","timestamp":"2024-03-01T05:21:58.849Z"}
{"level":"error","message":"Error fetching notification:","stack":"at notification (/opt/lampp/htdocs/stayable/server/src/controllers/common/notificationController.js:18:4)","timestamp":"2024-03-01T05:22:20.589Z"}
{"level":"error","message":"Error fetching notification:","stack":"at notification (/opt/lampp/htdocs/stayable/server/src/controllers/common/notificationController.js:18:4)","timestamp":"2024-03-01T05:22:20.626Z"}
{"level":"error","message":"Error fetching notification:","stack":"at notification (/opt/lampp/htdocs/stayable/server/src/controllers/common/notificationController.js:18:4)","timestamp":"2024-03-01T05:23:47.409Z"}
{"level":"error","message":"Error fetching notification:","stack":"at notification (/opt/lampp/htdocs/stayable/server/src/controllers/common/notificationController.js:18:4)","timestamp":"2024-03-01T05:23:47.454Z"}
{"level":"error","message":"Error fetching notification:","stack":"at notification (/opt/lampp/htdocs/stayable/server/src/controllers/common/notificationController.js:18:4)","timestamp":"2024-03-01T05:27:49.405Z"}
{"level":"error","message":"Error fetching notification:","stack":"at notification (/opt/lampp/htdocs/stayable/server/src/controllers/common/notificationController.js:18:4)","timestamp":"2024-03-01T05:27:49.457Z"}
{"level":"error","message":"Error fetching notification:","stack":"at notification (/opt/lampp/htdocs/stayable/server/src/controllers/common/notificationController.js:18:4)","timestamp":"2024-03-01T05:29:06.780Z"}
{"level":"error","message":"Error fetching notification:","stack":"at notification (/opt/lampp/htdocs/stayable/server/src/controllers/common/notificationController.js:18:4)","timestamp":"2024-03-01T05:29:06.861Z"}
{"level":"error","message":"Error fetching notification:","stack":"at notification (/opt/lampp/htdocs/stayable/server/src/controllers/common/notificationController.js:18:4)","timestamp":"2024-03-01T05:29:44.232Z"}
{"level":"error","message":"Error fetching notification:","stack":"at notification (/opt/lampp/htdocs/stayable/server/src/controllers/common/notificationController.js:18:4)","timestamp":"2024-03-01T05:29:44.285Z"}
{"level":"error","message":"Error fetching notification:","stack":"at notification (/opt/lampp/htdocs/stayable/server/src/controllers/common/notificationController.js:18:4)","timestamp":"2024-03-01T05:29:50.460Z"}
{"level":"error","message":"Error fetching notification:","stack":"at notification (/opt/lampp/htdocs/stayable/server/src/controllers/common/notificationController.js:18:4)","timestamp":"2024-03-01T05:29:50.500Z"}
{"level":"error","message":"Error fetching notification:","stack":"at notification (/opt/lampp/htdocs/stayable/server/src/controllers/common/notificationController.js:18:4)","timestamp":"2024-03-01T05:30:23.360Z"}
{"level":"error","message":"Error fetching notification:","stack":"at notification (/opt/lampp/htdocs/stayable/server/src/controllers/common/notificationController.js:18:4)","timestamp":"2024-03-01T05:30:23.401Z"}
{"level":"error","message":"Error fetching notification:","stack":"at notification (/opt/lampp/htdocs/stayable/server/src/controllers/common/notificationController.js:18:4)","timestamp":"2024-03-01T05:32:01.516Z"}
{"level":"error","message":"Error fetching notification:","stack":"at notification (/opt/lampp/htdocs/stayable/server/src/controllers/common/notificationController.js:18:4)","timestamp":"2024-03-01T05:32:01.560Z"}
{"level":"error","message":"Error fetching notification:","stack":"at notification (/opt/lampp/htdocs/stayable/server/src/controllers/common/notificationController.js:18:4)","timestamp":"2024-03-01T05:32:31.509Z"}
{"level":"error","message":"Error fetching notification:","stack":"at notification (/opt/lampp/htdocs/stayable/server/src/controllers/common/notificationController.js:18:4)","timestamp":"2024-03-01T05:32:31.551Z"}
{"level":"error","message":"Error fetching notification:","stack":"at notification (/opt/lampp/htdocs/stayable/server/src/controllers/common/notificationController.js:18:4)","timestamp":"2024-03-01T05:33:26.436Z"}
{"level":"error","message":"Error fetching notification:","stack":"at notification (/opt/lampp/htdocs/stayable/server/src/controllers/common/notificationController.js:18:4)","timestamp":"2024-03-01T05:33:26.468Z"}
{"level":"error","message":"Error fetching notification:","stack":"at notification (/opt/lampp/htdocs/stayable/server/src/controllers/common/notificationController.js:18:4)","timestamp":"2024-03-01T05:34:30.689Z"}
{"level":"error","message":"Error fetching notification:","stack":"at notification (/opt/lampp/htdocs/stayable/server/src/controllers/common/notificationController.js:18:4)","timestamp":"2024-03-01T05:34:30.729Z"}
{"level":"error","message":"Error fetching notification:","stack":"at notification (/opt/lampp/htdocs/stayable/server/src/controllers/common/notificationController.js:18:4)","timestamp":"2024-03-01T05:34:37.145Z"}
{"level":"error","message":"Error fetching notification:","stack":"at notification (/opt/lampp/htdocs/stayable/server/src/controllers/common/notificationController.js:18:4)","timestamp":"2024-03-01T05:34:37.197Z"}
{"level":"error","message":"Error fetching notification:","stack":"at notification (/opt/lampp/htdocs/stayable/server/src/controllers/common/notificationController.js:18:4)","timestamp":"2024-03-01T05:35:10.997Z"}
{"level":"error","message":"Error fetching notification:","stack":"at notification (/opt/lampp/htdocs/stayable/server/src/controllers/common/notificationController.js:18:4)","timestamp":"2024-03-01T05:35:11.088Z"}
{"level":"error","message":"Error fetching notification:","stack":"at notification (/opt/lampp/htdocs/stayable/server/src/controllers/common/notificationController.js:18:4)","timestamp":"2024-03-01T05:35:30.938Z"}
{"level":"error","message":"Error fetching notification:","stack":"at notification (/opt/lampp/htdocs/stayable/server/src/controllers/common/notificationController.js:18:4)","timestamp":"2024-03-01T05:35:30.977Z"}
{"level":"error","message":"Error fetching notification:","stack":"at notification (/opt/lampp/htdocs/stayable/server/src/controllers/common/notificationController.js:18:4)","timestamp":"2024-03-01T05:36:50.248Z"}
{"level":"error","message":"Error fetching notification:","stack":"at notification (/opt/lampp/htdocs/stayable/server/src/controllers/common/notificationController.js:18:4)","timestamp":"2024-03-01T05:36:50.292Z"}
{"level":"error","message":"Error fetching notification:","stack":"at notification (/opt/lampp/htdocs/stayable/server/src/controllers/common/notificationController.js:18:4)","timestamp":"2024-03-01T05:40:01.683Z"}
{"level":"error","message":"Error fetching notification:","stack":"at notification (/opt/lampp/htdocs/stayable/server/src/controllers/common/notificationController.js:18:4)","timestamp":"2024-03-01T05:40:01.732Z"}
{"level":"error","message":"Error fetching notification:","stack":"at notification (/opt/lampp/htdocs/stayable/server/src/controllers/common/notificationController.js:18:4)","timestamp":"2024-03-01T05:40:16.879Z"}
{"level":"error","message":"Error fetching notification:","stack":"at notification (/opt/lampp/htdocs/stayable/server/src/controllers/common/notificationController.js:18:4)","timestamp":"2024-03-01T05:40:16.925Z"}
{"level":"error","message":"Error fetching notification:","stack":"at notification (/opt/lampp/htdocs/stayable/server/src/controllers/common/notificationController.js:18:4)","timestamp":"2024-03-01T05:46:46.716Z"}
{"level":"error","message":"Error fetching notification:","stack":"at notification (/opt/lampp/htdocs/stayable/server/src/controllers/common/notificationController.js:18:4)","timestamp":"2024-03-01T05:46:46.779Z"}
{"level":"error","message":"Error fetching notification:","stack":"at notification (/opt/lampp/htdocs/stayable/server/src/controllers/common/notificationController.js:18:4)","timestamp":"2024-03-01T05:46:47.474Z"}
{"level":"error","message":"Error fetching notification:","stack":"at notification (/opt/lampp/htdocs/stayable/server/src/controllers/common/notificationController.js:18:4)","timestamp":"2024-03-01T05:46:47.693Z"}
{"level":"error","message":"Error fetching notification:","stack":"at notification (/opt/lampp/htdocs/stayable/server/src/controllers/common/notificationController.js:18:4)","timestamp":"2024-03-01T05:49:24.955Z"}
{"level":"error","message":"Error fetching notification:","stack":"at notification (/opt/lampp/htdocs/stayable/server/src/controllers/common/notificationController.js:18:4)","timestamp":"2024-03-01T05:49:24.994Z"}
{"level":"error","message":"Error fetching notification:","stack":"at notification (/opt/lampp/htdocs/stayable/server/src/controllers/common/notificationController.js:18:4)","timestamp":"2024-03-01T05:50:06.887Z"}
{"level":"error","message":"Error fetching notification:","stack":"at notification (/opt/lampp/htdocs/stayable/server/src/controllers/common/notificationController.js:18:4)","timestamp":"2024-03-01T05:50:06.960Z"}
{"level":"error","message":"Error fetching notification:","stack":"at notification (/opt/lampp/htdocs/stayable/server/src/controllers/common/notificationController.js:18:4)","timestamp":"2024-03-01T05:50:17.977Z"}
{"level":"error","message":"Error fetching notification:","stack":"at notification (/opt/lampp/htdocs/stayable/server/src/controllers/common/notificationController.js:18:4)","timestamp":"2024-03-01T05:50:18.015Z"}
{"level":"error","message":"Error fetching notification:","stack":"at notification (/opt/lampp/htdocs/stayable/server/src/controllers/common/notificationController.js:18:4)","timestamp":"2024-03-01T05:50:56.129Z"}
{"level":"error","message":"Error fetching notification:","stack":"at notification (/opt/lampp/htdocs/stayable/server/src/controllers/common/notificationController.js:18:4)","timestamp":"2024-03-01T05:50:56.173Z"}
{"level":"error","message":"Error fetching notification:","stack":"at notification (/opt/lampp/htdocs/stayable/server/src/controllers/common/notificationController.js:18:4)","timestamp":"2024-03-01T05:51:35.567Z"}
{"level":"error","message":"Error fetching notification:","stack":"at notification (/opt/lampp/htdocs/stayable/server/src/controllers/common/notificationController.js:18:4)","timestamp":"2024-03-01T05:51:35.623Z"}
{"level":"error","message":"Error fetching notification:","stack":"at notification (/opt/lampp/htdocs/stayable/server/src/controllers/common/notificationController.js:18:4)","timestamp":"2024-03-01T05:54:07.284Z"}
{"level":"error","message":"Error fetching notification:","stack":"at notification (/opt/lampp/htdocs/stayable/server/src/controllers/common/notificationController.js:18:4)","timestamp":"2024-03-01T05:54:07.325Z"}
{"level":"error","message":"Error fetching notification:","stack":"at notification (/opt/lampp/htdocs/stayable/server/src/controllers/common/notificationController.js:18:4)","timestamp":"2024-03-01T05:58:33.954Z"}
{"level":"error","message":"Error fetching notification:","stack":"at notification (/opt/lampp/htdocs/stayable/server/src/controllers/common/notificationController.js:18:4)","timestamp":"2024-03-01T05:58:33.992Z"}
{"level":"error","message":"Error fetching notification:","stack":"at notification (/opt/lampp/htdocs/stayable/server/src/controllers/common/notificationController.js:18:4)","timestamp":"2024-03-01T05:58:56.925Z"}
{"level":"error","message":"Error fetching notification:","stack":"at notification (/opt/lampp/htdocs/stayable/server/src/controllers/common/notificationController.js:18:4)","timestamp":"2024-03-01T05:58:56.965Z"}
{"level":"error","message":"Error fetching notification:","stack":"at notification (/opt/lampp/htdocs/stayable/server/src/controllers/common/notificationController.js:18:4)","timestamp":"2024-03-01T05:59:21.123Z"}
{"level":"error","message":"Error fetching notification:","stack":"at notification (/opt/lampp/htdocs/stayable/server/src/controllers/common/notificationController.js:18:4)","timestamp":"2024-03-01T05:59:21.160Z"}
{"level":"error","message":"Error fetching notification:","stack":"at notification (/opt/lampp/htdocs/stayable/server/src/controllers/common/notificationController.js:18:4)","timestamp":"2024-03-01T05:59:50.176Z"}
{"level":"error","message":"Error fetching notification:","stack":"at notification (/opt/lampp/htdocs/stayable/server/src/controllers/common/notificationController.js:18:4)","timestamp":"2024-03-01T05:59:50.214Z"}
{"level":"error","message":"Error fetching notification:","stack":"at notification (/opt/lampp/htdocs/stayable/server/src/controllers/common/notificationController.js:18:4)","timestamp":"2024-03-01T06:00:45.841Z"}
{"level":"error","message":"Error fetching notification:","stack":"at notification (/opt/lampp/htdocs/stayable/server/src/controllers/common/notificationController.js:18:4)","timestamp":"2024-03-01T06:00:45.913Z"}
{"level":"error","message":"Error fetching notification:","stack":"at notification (/opt/lampp/htdocs/stayable/server/src/controllers/common/notificationController.js:18:4)","timestamp":"2024-03-01T06:01:05.736Z"}
{"level":"error","message":"Error fetching notification:","stack":"at notification (/opt/lampp/htdocs/stayable/server/src/controllers/common/notificationController.js:18:4)","timestamp":"2024-03-01T06:01:05.822Z"}
{"level":"error","message":"Error fetching notification:","stack":"at notification (/opt/lampp/htdocs/stayable/server/src/controllers/common/notificationController.js:18:4)","timestamp":"2024-03-01T06:04:24.959Z"}
{"level":"error","message":"Error fetching notification:","stack":"at notification (/opt/lampp/htdocs/stayable/server/src/controllers/common/notificationController.js:18:4)","timestamp":"2024-03-01T06:04:25.177Z"}
{"level":"error","message":"Error fetching notification:","stack":"at notification (/opt/lampp/htdocs/stayable/server/src/controllers/common/notificationController.js:18:4)","timestamp":"2024-03-01T06:04:42.205Z"}
{"level":"error","message":"Error fetching notification:","stack":"at notification (/opt/lampp/htdocs/stayable/server/src/controllers/common/notificationController.js:18:4)","timestamp":"2024-03-01T06:04:42.319Z"}
{"level":"error","message":"Error fetching notification:","stack":"at notification (/opt/lampp/htdocs/stayable/server/src/controllers/common/notificationController.js:18:4)","timestamp":"2024-03-01T06:06:00.320Z"}
{"level":"error","message":"Error fetching notification:","stack":"at notification (/opt/lampp/htdocs/stayable/server/src/controllers/common/notificationController.js:18:4)","timestamp":"2024-03-01T06:06:00.395Z"}
{"level":"error","message":"Error fetching notification:","stack":"at notification (/opt/lampp/htdocs/stayable/server/src/controllers/common/notificationController.js:18:4)","timestamp":"2024-03-01T06:07:10.768Z"}
{"level":"error","message":"Error fetching notification:","stack":"at notification (/opt/lampp/htdocs/stayable/server/src/controllers/common/notificationController.js:18:4)","timestamp":"2024-03-01T06:07:10.816Z"}
{"level":"error","message":"Error fetching notification:","stack":"at notification (/opt/lampp/htdocs/stayable/server/src/controllers/common/notificationController.js:18:4)","timestamp":"2024-03-01T06:11:53.398Z"}
{"level":"error","message":"Error fetching notification:","stack":"at notification (/opt/lampp/htdocs/stayable/server/src/controllers/common/notificationController.js:18:4)","timestamp":"2024-03-01T06:11:53.440Z"}
{"level":"error","message":"Error fetching notification:","stack":"at notification (/opt/lampp/htdocs/stayable/server/src/controllers/common/notificationController.js:18:4)","timestamp":"2024-03-01T06:22:43.072Z"}
{"level":"error","message":"Error fetching notification:","stack":"at notification (/opt/lampp/htdocs/stayable/server/src/controllers/common/notificationController.js:18:4)","timestamp":"2024-03-01T06:22:43.112Z"}
{"level":"error","message":"Error fetching notification:","stack":"at notification (/opt/lampp/htdocs/stayable/server/src/controllers/common/notificationController.js:18:4)","timestamp":"2024-03-01T06:23:03.377Z"}
{"level":"error","message":"Error fetching notification:","stack":"at notification (/opt/lampp/htdocs/stayable/server/src/controllers/common/notificationController.js:18:4)","timestamp":"2024-03-01T06:23:03.422Z"}
{"level":"error","message":"Error fetching notification:","stack":"at notification (/opt/lampp/htdocs/stayable/server/src/controllers/common/notificationController.js:18:4)","timestamp":"2024-03-01T06:26:01.594Z"}
{"level":"error","message":"Error fetching notification:","stack":"at notification (/opt/lampp/htdocs/stayable/server/src/controllers/common/notificationController.js:18:4)","timestamp":"2024-03-01T06:26:01.633Z"}
{"level":"error","message":"CastError: Cast to ObjectId failed for value \"\" (type string) at path \"hotelId\" for model \"rooms\"","stack":"at /opt/lampp/htdocs/stayable/server/src/middleware/catchErrors.js:6:3","timestamp":"2024-03-01T06:35:14.791Z"}
{"level":"error","message":"CastError: Cast to ObjectId failed for value \"\" (type string) at path \"hotelId\" for model \"rooms\"","stack":"at /opt/lampp/htdocs/stayable/server/src/middleware/catchErrors.js:6:3","timestamp":"2024-03-01T06:35:14.831Z"}
{"level":"error","message":"Error fetching notification:","stack":"at notification (/opt/lampp/htdocs/stayable/server/src/controllers/common/notificationController.js:18:4)","timestamp":"2024-03-01T06:36:32.425Z"}
{"level":"error","message":"Error fetching notification:","stack":"at notification (/opt/lampp/htdocs/stayable/server/src/controllers/common/notificationController.js:18:4)","timestamp":"2024-03-01T06:36:32.463Z"}
{"level":"error","message":"CastError: Cast to ObjectId failed for value \"\" (type string) at path \"hotelId\" for model \"rooms\"","stack":"at /opt/lampp/htdocs/stayable/server/src/middleware/catchErrors.js:6:3","timestamp":"2024-03-01T06:41:37.396Z"}
{"level":"error","message":"CastError: Cast to ObjectId failed for value \"\" (type string) at path \"hotelId\" for model \"rooms\"","stack":"at /opt/lampp/htdocs/stayable/server/src/middleware/catchErrors.js:6:3","timestamp":"2024-03-01T06:41:37.440Z"}
{"level":"error","message":"TypeError: Cannot read properties of null (reading 'save')","stack":"at /opt/lampp/htdocs/stayable/server/src/middleware/catchErrors.js:6:3","timestamp":"2024-03-01T06:42:35.611Z"}
{"level":"error","message":"Error fetching notification:","stack":"at notification (/opt/lampp/htdocs/stayable/server/src/controllers/common/notificationController.js:18:4)","timestamp":"2024-03-01T06:48:48.922Z"}
{"level":"error","message":"Error fetching notification:","stack":"at notification (/opt/lampp/htdocs/stayable/server/src/controllers/common/notificationController.js:18:4)","timestamp":"2024-03-01T06:48:48.971Z"}
{"level":"error","message":"Error fetching notification:","stack":"at notification (/opt/lampp/htdocs/stayable/server/src/controllers/common/notificationController.js:18:4)","timestamp":"2024-03-01T06:55:46.141Z"}
{"level":"error","message":"Error fetching notification:","stack":"at notification (/opt/lampp/htdocs/stayable/server/src/controllers/common/notificationController.js:18:4)","timestamp":"2024-03-01T06:55:46.175Z"}
{"level":"error","message":"CastError: Cast to ObjectId failed for value \"\" (type string) at path \"hotelId\" for model \"rooms\"","stack":"at /opt/lampp/htdocs/stayable/server/src/middleware/catchErrors.js:6:3","timestamp":"2024-03-01T06:57:22.195Z"}
{"level":"error","message":"CastError: Cast to ObjectId failed for value \"\" (type string) at path \"hotelId\" for model \"rooms\"","stack":"at /opt/lampp/htdocs/stayable/server/src/middleware/catchErrors.js:6:3","timestamp":"2024-03-01T06:57:22.201Z"}
{"level":"error","message":"Error fetching notification:","stack":"at notification (/opt/lampp/htdocs/stayable/server/src/controllers/common/notificationController.js:18:4)","timestamp":"2024-03-01T07:17:32.256Z"}
{"level":"error","message":"Error fetching notification:","stack":"at notification (/opt/lampp/htdocs/stayable/server/src/controllers/common/notificationController.js:18:4)","timestamp":"2024-03-01T07:17:32.303Z"}
{"level":"error","message":"Error fetching notification:","stack":"at notification (/opt/lampp/htdocs/stayable/server/src/controllers/common/notificationController.js:18:4)","timestamp":"2024-03-01T08:19:06.822Z"}
{"level":"error","message":"CastError: Cast to ObjectId failed for value \"\" (type string) at path \"hotelId\" for model \"rooms\"","stack":"at /opt/lampp/htdocs/stayable/server/src/middleware/catchErrors.js:6:3","timestamp":"2024-03-01T08:19:06.834Z"}
{"level":"error","message":"Error fetching notification:","stack":"at notification (/opt/lampp/htdocs/stayable/server/src/controllers/common/notificationController.js:18:4)","timestamp":"2024-03-01T08:19:06.871Z"}
{"level":"error","message":"CastError: Cast to ObjectId failed for value \"\" (type string) at path \"hotelId\" for model \"rooms\"","stack":"at /opt/lampp/htdocs/stayable/server/src/middleware/catchErrors.js:6:3","timestamp":"2024-03-01T08:19:06.878Z"}
{"level":"error","message":"Error fetching notification:","stack":"at notification (/opt/lampp/htdocs/stayable/server/src/controllers/common/notificationController.js:18:4)","timestamp":"2024-03-01T08:20:54.567Z"}
{"level":"error","message":"CastError: Cast to ObjectId failed for value \"\" (type string) at path \"hotelId\" for model \"rooms\"","stack":"at /opt/lampp/htdocs/stayable/server/src/middleware/catchErrors.js:6:3","timestamp":"2024-03-01T08:20:54.598Z"}
{"level":"error","message":"Error fetching notification:","stack":"at notification (/opt/lampp/htdocs/stayable/server/src/controllers/common/notificationController.js:18:4)","timestamp":"2024-03-01T08:20:54.784Z"}
{"level":"error","message":"CastError: Cast to ObjectId failed for value \"\" (type string) at path \"hotelId\" for model \"rooms\"","stack":"at /opt/lampp/htdocs/stayable/server/src/middleware/catchErrors.js:6:3","timestamp":"2024-03-01T08:20:54.841Z"}
{"level":"error","message":"Error fetching notification:","stack":"at notification (/opt/lampp/htdocs/stayable/server/src/controllers/common/notificationController.js:18:4)","timestamp":"2024-03-01T08:22:00.933Z"}
{"level":"error","message":"CastError: Cast to ObjectId failed for value \"\" (type string) at path \"hotelId\" for model \"rooms\"","stack":"at /opt/lampp/htdocs/stayable/server/src/middleware/catchErrors.js:6:3","timestamp":"2024-03-01T08:22:00.959Z"}
{"level":"error","message":"Error fetching notification:","stack":"at notification (/opt/lampp/htdocs/stayable/server/src/controllers/common/notificationController.js:18:4)","timestamp":"2024-03-01T08:22:00.970Z"}
{"level":"error","message":"CastError: Cast to ObjectId failed for value \"\" (type string) at path \"hotelId\" for model \"rooms\"","stack":"at /opt/lampp/htdocs/stayable/server/src/middleware/catchErrors.js:6:3","timestamp":"2024-03-01T08:22:00.985Z"}
{"level":"error","message":"Error fetching notification:","stack":"at notification (/opt/lampp/htdocs/stayable/server/src/controllers/common/notificationController.js:18:4)","timestamp":"2024-03-01T08:22:31.047Z"}
{"level":"error","message":"CastError: Cast to ObjectId failed for value \"\" (type string) at path \"hotelId\" for model \"rooms\"","stack":"at /opt/lampp/htdocs/stayable/server/src/middleware/catchErrors.js:6:3","timestamp":"2024-03-01T08:22:31.071Z"}
{"level":"error","message":"Error fetching notification:","stack":"at notification (/opt/lampp/htdocs/stayable/server/src/controllers/common/notificationController.js:18:4)","timestamp":"2024-03-01T08:22:31.093Z"}
{"level":"error","message":"CastError: Cast to ObjectId failed for value \"\" (type string) at path \"hotelId\" for model \"rooms\"","stack":"at /opt/lampp/htdocs/stayable/server/src/middleware/catchErrors.js:6:3","timestamp":"2024-03-01T08:22:31.103Z"}
{"level":"error","message":"Error fetching notification:","stack":"at notification (/opt/lampp/htdocs/stayable/server/src/controllers/common/notificationController.js:18:4)","timestamp":"2024-03-01T08:23:29.172Z"}
{"level":"error","message":"CastError: Cast to ObjectId failed for value \"\" (type string) at path \"hotelId\" for model \"rooms\"","stack":"at /opt/lampp/htdocs/stayable/server/src/middleware/catchErrors.js:6:3","timestamp":"2024-03-01T08:23:29.192Z"}
{"level":"error","message":"Error fetching notification:","stack":"at notification (/opt/lampp/htdocs/stayable/server/src/controllers/common/notificationController.js:18:4)","timestamp":"2024-03-01T08:23:29.213Z"}
{"level":"error","message":"CastError: Cast to ObjectId failed for value \"\" (type string) at path \"hotelId\" for model \"rooms\"","stack":"at /opt/lampp/htdocs/stayable/server/src/middleware/catchErrors.js:6:3","timestamp":"2024-03-01T08:23:29.231Z"}
{"level":"error","message":"Error fetching notification:","stack":"at notification (/opt/lampp/htdocs/stayable/server/src/controllers/common/notificationController.js:18:4)","timestamp":"2024-03-01T08:24:51.567Z"}
{"level":"error","message":"CastError: Cast to ObjectId failed for value \"\" (type string) at path \"hotelId\" for model \"rooms\"","stack":"at /opt/lampp/htdocs/stayable/server/src/middleware/catchErrors.js:6:3","timestamp":"2024-03-01T08:24:51.595Z"}
{"level":"error","message":"Error fetching notification:","stack":"at notification (/opt/lampp/htdocs/stayable/server/src/controllers/common/notificationController.js:18:4)","timestamp":"2024-03-01T08:24:51.640Z"}
{"level":"error","message":"CastError: Cast to ObjectId failed for value \"\" (type string) at path \"hotelId\" for model \"rooms\"","stack":"at /opt/lampp/htdocs/stayable/server/src/middleware/catchErrors.js:6:3","timestamp":"2024-03-01T08:24:51.666Z"}
{"level":"error","message":"Error fetching notification:","stack":"at notification (/opt/lampp/htdocs/stayable/server/src/controllers/common/notificationController.js:18:4)","timestamp":"2024-03-01T08:25:10.613Z"}
{"level":"error","message":"CastError: Cast to ObjectId failed for value \"\" (type string) at path \"hotelId\" for model \"rooms\"","stack":"at /opt/lampp/htdocs/stayable/server/src/middleware/catchErrors.js:6:3","timestamp":"2024-03-01T08:25:10.635Z"}
{"level":"error","message":"Error fetching notification:","stack":"at notification (/opt/lampp/htdocs/stayable/server/src/controllers/common/notificationController.js:18:4)","timestamp":"2024-03-01T08:25:10.663Z"}
{"level":"error","message":"CastError: Cast to ObjectId failed for value \"\" (type string) at path \"hotelId\" for model \"rooms\"","stack":"at /opt/lampp/htdocs/stayable/server/src/middleware/catchErrors.js:6:3","timestamp":"2024-03-01T08:25:10.670Z"}
{"level":"error","message":"Error fetching notification:","stack":"at notification (/opt/lampp/htdocs/stayable/server/src/controllers/common/notificationController.js:18:4)","timestamp":"2024-03-01T08:25:45.032Z"}
{"level":"error","message":"CastError: Cast to ObjectId failed for value \"\" (type string) at path \"hotelId\" for model \"rooms\"","stack":"at /opt/lampp/htdocs/stayable/server/src/middleware/catchErrors.js:6:3","timestamp":"2024-03-01T08:25:45.048Z"}
{"level":"error","message":"Error fetching notification:","stack":"at notification (/opt/lampp/htdocs/stayable/server/src/controllers/common/notificationController.js:18:4)","timestamp":"2024-03-01T08:25:45.077Z"}
{"level":"error","message":"CastError: Cast to ObjectId failed for value \"\" (type string) at path \"hotelId\" for model \"rooms\"","stack":"at /opt/lampp/htdocs/stayable/server/src/middleware/catchErrors.js:6:3","timestamp":"2024-03-01T08:25:45.083Z"}
{"level":"error","message":"Error fetching notification:","stack":"at notification (/opt/lampp/htdocs/stayable/server/src/controllers/common/notificationController.js:18:4)","timestamp":"2024-03-01T08:29:14.731Z"}
{"level":"error","message":"CastError: Cast to ObjectId failed for value \"\" (type string) at path \"hotelId\" for model \"rooms\"","stack":"at /opt/lampp/htdocs/stayable/server/src/middleware/catchErrors.js:6:3","timestamp":"2024-03-01T08:29:14.759Z"}
{"level":"error","message":"Error fetching notification:","stack":"at notification (/opt/lampp/htdocs/stayable/server/src/controllers/common/notificationController.js:18:4)","timestamp":"2024-03-01T08:29:14.799Z"}
{"level":"error","message":"CastError: Cast to ObjectId failed for value \"\" (type string) at path \"hotelId\" for model \"rooms\"","stack":"at /opt/lampp/htdocs/stayable/server/src/middleware/catchErrors.js:6:3","timestamp":"2024-03-01T08:29:14.820Z"}
{"level":"error","message":"Error fetching notification:","stack":"at notification (/opt/lampp/htdocs/stayable/server/src/controllers/common/notificationController.js:18:4)","timestamp":"2024-03-01T08:30:11.489Z"}
{"level":"error","message":"CastError: Cast to ObjectId failed for value \"\" (type string) at path \"hotelId\" for model \"rooms\"","stack":"at /opt/lampp/htdocs/stayable/server/src/middleware/catchErrors.js:6:3","timestamp":"2024-03-01T08:30:11.519Z"}
{"level":"error","message":"Error fetching notification:","stack":"at notification (/opt/lampp/htdocs/stayable/server/src/controllers/common/notificationController.js:18:4)","timestamp":"2024-03-01T08:30:11.539Z"}
{"level":"error","message":"CastError: Cast to ObjectId failed for value \"\" (type string) at path \"hotelId\" for model \"rooms\"","stack":"at /opt/lampp/htdocs/stayable/server/src/middleware/catchErrors.js:6:3","timestamp":"2024-03-01T08:30:11.549Z"}
{"level":"error","message":"Error fetching notification:","stack":"at notification (/opt/lampp/htdocs/stayable/server/src/controllers/common/notificationController.js:18:4)","timestamp":"2024-03-01T08:30:51.769Z"}
{"level":"error","message":"CastError: Cast to ObjectId failed for value \"\" (type string) at path \"hotelId\" for model \"rooms\"","stack":"at /opt/lampp/htdocs/stayable/server/src/middleware/catchErrors.js:6:3","timestamp":"2024-03-01T08:30:51.797Z"}
{"level":"error","message":"Error fetching notification:","stack":"at notification (/opt/lampp/htdocs/stayable/server/src/controllers/common/notificationController.js:18:4)","timestamp":"2024-03-01T08:30:51.839Z"}
{"level":"error","message":"CastError: Cast to ObjectId failed for value \"\" (type string) at path \"hotelId\" for model \"rooms\"","stack":"at /opt/lampp/htdocs/stayable/server/src/middleware/catchErrors.js:6:3","timestamp":"2024-03-01T08:30:51.867Z"}
{"level":"error","message":"Error fetching notification:","stack":"at notification (/opt/lampp/htdocs/stayable/server/src/controllers/common/notificationController.js:18:4)","timestamp":"2024-03-01T08:33:09.403Z"}
{"level":"error","message":"CastError: Cast to ObjectId failed for value \"\" (type string) at path \"hotelId\" for model \"rooms\"","stack":"at /opt/lampp/htdocs/stayable/server/src/middleware/catchErrors.js:6:3","timestamp":"2024-03-01T08:33:09.426Z"}
{"level":"error","message":"Error fetching notification:","stack":"at notification (/opt/lampp/htdocs/stayable/server/src/controllers/common/notificationController.js:18:4)","timestamp":"2024-03-01T08:33:09.463Z"}
{"level":"error","message":"CastError: Cast to ObjectId failed for value \"\" (type string) at path \"hotelId\" for model \"rooms\"","stack":"at /opt/lampp/htdocs/stayable/server/src/middleware/catchErrors.js:6:3","timestamp":"2024-03-01T08:33:09.480Z"}
{"level":"error","message":"Error fetching notification:","stack":"at notification (/opt/lampp/htdocs/stayable/server/src/controllers/common/notificationController.js:18:4)","timestamp":"2024-03-01T08:34:02.821Z"}
{"level":"error","message":"CastError: Cast to ObjectId failed for value \"\" (type string) at path \"hotelId\" for model \"rooms\"","stack":"at /opt/lampp/htdocs/stayable/server/src/middleware/catchErrors.js:6:3","timestamp":"2024-03-01T08:34:02.839Z"}
{"level":"error","message":"Error fetching notification:","stack":"at notification (/opt/lampp/htdocs/stayable/server/src/controllers/common/notificationController.js:18:4)","timestamp":"2024-03-01T08:34:02.862Z"}
{"level":"error","message":"CastError: Cast to ObjectId failed for value \"\" (type string) at path \"hotelId\" for model \"rooms\"","stack":"at /opt/lampp/htdocs/stayable/server/src/middleware/catchErrors.js:6:3","timestamp":"2024-03-01T08:34:02.875Z"}
{"level":"error","message":"Error fetching notification:","stack":"at notification (/opt/lampp/htdocs/stayable/server/src/controllers/common/notificationController.js:18:4)","timestamp":"2024-03-01T08:34:45.619Z"}
{"level":"error","message":"CastError: Cast to ObjectId failed for value \"\" (type string) at path \"hotelId\" for model \"rooms\"","stack":"at /opt/lampp/htdocs/stayable/server/src/middleware/catchErrors.js:6:3","timestamp":"2024-03-01T08:34:45.630Z"}
{"level":"error","message":"Error fetching notification:","stack":"at notification (/opt/lampp/htdocs/stayable/server/src/controllers/common/notificationController.js:18:4)","timestamp":"2024-03-01T08:34:45.671Z"}
{"level":"error","message":"CastError: Cast to ObjectId failed for value \"\" (type string) at path \"hotelId\" for model \"rooms\"","stack":"at /opt/lampp/htdocs/stayable/server/src/middleware/catchErrors.js:6:3","timestamp":"2024-03-01T08:34:45.687Z"}
{"level":"error","message":"Error fetching notification:","stack":"at notification (/opt/lampp/htdocs/stayable/server/src/controllers/common/notificationController.js:18:4)","timestamp":"2024-03-01T08:35:34.802Z"}
{"level":"error","message":"CastError: Cast to ObjectId failed for value \"\" (type string) at path \"hotelId\" for model \"rooms\"","stack":"at /opt/lampp/htdocs/stayable/server/src/middleware/catchErrors.js:6:3","timestamp":"2024-03-01T08:35:34.824Z"}
{"level":"error","message":"Error fetching notification:","stack":"at notification (/opt/lampp/htdocs/stayable/server/src/controllers/common/notificationController.js:18:4)","timestamp":"2024-03-01T08:35:34.858Z"}
{"level":"error","message":"CastError: Cast to ObjectId failed for value \"\" (type string) at path \"hotelId\" for model \"rooms\"","stack":"at /opt/lampp/htdocs/stayable/server/src/middleware/catchErrors.js:6:3","timestamp":"2024-03-01T08:35:34.886Z"}
{"level":"error","message":"Error fetching notification:","stack":"at notification (/opt/lampp/htdocs/stayable/server/src/controllers/common/notificationController.js:18:4)","timestamp":"2024-03-01T08:36:26.565Z"}
{"level":"error","message":"CastError: Cast to ObjectId failed for value \"\" (type string) at path \"hotelId\" for model \"rooms\"","stack":"at /opt/lampp/htdocs/stayable/server/src/middleware/catchErrors.js:6:3","timestamp":"2024-03-01T08:36:26.588Z"}
{"level":"error","message":"Error fetching notification:","stack":"at notification (/opt/lampp/htdocs/stayable/server/src/controllers/common/notificationController.js:18:4)","timestamp":"2024-03-01T08:36:26.614Z"}
{"level":"error","message":"CastError: Cast to ObjectId failed for value \"\" (type string) at path \"hotelId\" for model \"rooms\"","stack":"at /opt/lampp/htdocs/stayable/server/src/middleware/catchErrors.js:6:3","timestamp":"2024-03-01T08:36:26.622Z"}
{"level":"error","message":"Error fetching notification:","stack":"at notification (/opt/lampp/htdocs/stayable/server/src/controllers/common/notificationController.js:18:4)","timestamp":"2024-03-01T08:37:39.426Z"}
{"level":"error","message":"CastError: Cast to ObjectId failed for value \"\" (type string) at path \"hotelId\" for model \"rooms\"","stack":"at /opt/lampp/htdocs/stayable/server/src/middleware/catchErrors.js:6:3","timestamp":"2024-03-01T08:37:39.438Z"}
{"level":"error","message":"Error fetching notification:","stack":"at notification (/opt/lampp/htdocs/stayable/server/src/controllers/common/notificationController.js:18:4)","timestamp":"2024-03-01T08:37:39.475Z"}
{"level":"error","message":"CastError: Cast to ObjectId failed for value \"\" (type string) at path \"hotelId\" for model \"rooms\"","stack":"at /opt/lampp/htdocs/stayable/server/src/middleware/catchErrors.js:6:3","timestamp":"2024-03-01T08:37:39.485Z"}
{"level":"error","message":"Error fetching notification:","stack":"at notification (/opt/lampp/htdocs/stayable/server/src/controllers/common/notificationController.js:18:4)","timestamp":"2024-03-01T08:41:59.515Z"}
{"level":"error","message":"CastError: Cast to ObjectId failed for value \"\" (type string) at path \"hotelId\" for model \"rooms\"","stack":"at /opt/lampp/htdocs/stayable/server/src/middleware/catchErrors.js:6:3","timestamp":"2024-03-01T08:41:59.536Z"}
{"level":"error","message":"Error fetching notification:","stack":"at notification (/opt/lampp/htdocs/stayable/server/src/controllers/common/notificationController.js:18:4)","timestamp":"2024-03-01T08:41:59.605Z"}
{"level":"error","message":"CastError: Cast to ObjectId failed for value \"\" (type string) at path \"hotelId\" for model \"rooms\"","stack":"at /opt/lampp/htdocs/stayable/server/src/middleware/catchErrors.js:6:3","timestamp":"2024-03-01T08:41:59.616Z"}
{"level":"error","message":"Error fetching notification:","stack":"at notification (/opt/lampp/htdocs/stayable/server/src/controllers/common/notificationController.js:18:4)","timestamp":"2024-03-01T08:43:44.180Z"}
{"level":"error","message":"CastError: Cast to ObjectId failed for value \"\" (type string) at path \"hotelId\" for model \"rooms\"","stack":"at /opt/lampp/htdocs/stayable/server/src/middleware/catchErrors.js:6:3","timestamp":"2024-03-01T08:43:44.197Z"}
{"level":"error","message":"Error fetching notification:","stack":"at notification (/opt/lampp/htdocs/stayable/server/src/controllers/common/notificationController.js:18:4)","timestamp":"2024-03-01T08:43:44.235Z"}
{"level":"error","message":"CastError: Cast to ObjectId failed for value \"\" (type string) at path \"hotelId\" for model \"rooms\"","stack":"at /opt/lampp/htdocs/stayable/server/src/middleware/catchErrors.js:6:3","timestamp":"2024-03-01T08:43:44.244Z"}
{"level":"error","message":"Error fetching notification:","stack":"at notification (/opt/lampp/htdocs/stayable/server/src/controllers/common/notificationController.js:18:4)","timestamp":"2024-03-01T08:44:54.385Z"}
{"level":"error","message":"CastError: Cast to ObjectId failed for value \"\" (type string) at path \"hotelId\" for model \"rooms\"","stack":"at /opt/lampp/htdocs/stayable/server/src/middleware/catchErrors.js:6:3","timestamp":"2024-03-01T08:44:54.401Z"}
{"level":"error","message":"Error fetching notification:","stack":"at notification (/opt/lampp/htdocs/stayable/server/src/controllers/common/notificationController.js:18:4)","timestamp":"2024-03-01T08:44:54.437Z"}
{"level":"error","message":"CastError: Cast to ObjectId failed for value \"\" (type string) at path \"hotelId\" for model \"rooms\"","stack":"at /opt/lampp/htdocs/stayable/server/src/middleware/catchErrors.js:6:3","timestamp":"2024-03-01T08:44:54.452Z"}
{"level":"error","message":"Error fetching notification:","stack":"at notification (/opt/lampp/htdocs/stayable/server/src/controllers/common/notificationController.js:18:4)","timestamp":"2024-03-01T08:45:32.525Z"}
{"level":"error","message":"CastError: Cast to ObjectId failed for value \"\" (type string) at path \"hotelId\" for model \"rooms\"","stack":"at /opt/lampp/htdocs/stayable/server/src/middleware/catchErrors.js:6:3","timestamp":"2024-03-01T08:45:32.539Z"}
{"level":"error","message":"Error fetching notification:","stack":"at notification (/opt/lampp/htdocs/stayable/server/src/controllers/common/notificationController.js:18:4)","timestamp":"2024-03-01T08:45:32.573Z"}
{"level":"error","message":"CastError: Cast to ObjectId failed for value \"\" (type string) at path \"hotelId\" for model \"rooms\"","stack":"at /opt/lampp/htdocs/stayable/server/src/middleware/catchErrors.js:6:3","timestamp":"2024-03-01T08:45:32.587Z"}
{"level":"error","message":"Error fetching notification:","stack":"at notification (/opt/lampp/htdocs/stayable/server/src/controllers/common/notificationController.js:18:4)","timestamp":"2024-03-01T08:53:29.393Z"}
{"level":"error","message":"CastError: Cast to ObjectId failed for value \"\" (type string) at path \"hotelId\" for model \"rooms\"","stack":"at /opt/lampp/htdocs/stayable/server/src/middleware/catchErrors.js:6:3","timestamp":"2024-03-01T08:53:29.437Z"}
{"level":"error","message":"Error fetching notification:","stack":"at notification (/opt/lampp/htdocs/stayable/server/src/controllers/common/notificationController.js:18:4)","timestamp":"2024-03-01T08:53:29.484Z"}
{"level":"error","message":"CastError: Cast to ObjectId failed for value \"\" (type string) at path \"hotelId\" for model \"rooms\"","stack":"at /opt/lampp/htdocs/stayable/server/src/middleware/catchErrors.js:6:3","timestamp":"2024-03-01T08:53:29.514Z"}
{"level":"error","message":"Error fetching notification:","stack":"at notification (/opt/lampp/htdocs/stayable/server/src/controllers/common/notificationController.js:18:4)","timestamp":"2024-03-01T08:54:46.220Z"}
{"level":"error","message":"CastError: Cast to ObjectId failed for value \"\" (type string) at path \"hotelId\" for model \"rooms\"","stack":"at /opt/lampp/htdocs/stayable/server/src/middleware/catchErrors.js:6:3","timestamp":"2024-03-01T08:54:46.236Z"}
{"level":"error","message":"Error fetching notification:","stack":"at notification (/opt/lampp/htdocs/stayable/server/src/controllers/common/notificationController.js:18:4)","timestamp":"2024-03-01T08:54:46.306Z"}
{"level":"error","message":"CastError: Cast to ObjectId failed for value \"\" (type string) at path \"hotelId\" for model \"rooms\"","stack":"at /opt/lampp/htdocs/stayable/server/src/middleware/catchErrors.js:6:3","timestamp":"2024-03-01T08:54:46.327Z"}
{"level":"error","message":"Error fetching notification:","stack":"at notification (/opt/lampp/htdocs/stayable/server/src/controllers/common/notificationController.js:18:4)","timestamp":"2024-03-01T08:55:10.448Z"}
{"level":"error","message":"CastError: Cast to ObjectId failed for value \"\" (type string) at path \"hotelId\" for model \"rooms\"","stack":"at /opt/lampp/htdocs/stayable/server/src/middleware/catchErrors.js:6:3","timestamp":"2024-03-01T08:55:10.478Z"}
{"level":"error","message":"Error fetching notification:","stack":"at notification (/opt/lampp/htdocs/stayable/server/src/controllers/common/notificationController.js:18:4)","timestamp":"2024-03-01T08:55:10.523Z"}
{"level":"error","message":"CastError: Cast to ObjectId failed for value \"\" (type string) at path \"hotelId\" for model \"rooms\"","stack":"at /opt/lampp/htdocs/stayable/server/src/middleware/catchErrors.js:6:3","timestamp":"2024-03-01T08:55:10.532Z"}
{"level":"error","message":"Error fetching notification:","stack":"at notification (/opt/lampp/htdocs/stayable/server/src/controllers/common/notificationController.js:18:4)","timestamp":"2024-03-01T08:56:19.256Z"}
{"level":"error","message":"CastError: Cast to ObjectId failed for value \"\" (type string) at path \"hotelId\" for model \"rooms\"","stack":"at /opt/lampp/htdocs/stayable/server/src/middleware/catchErrors.js:6:3","timestamp":"2024-03-01T08:56:19.289Z"}
{"level":"error","message":"Error fetching notification:","stack":"at notification (/opt/lampp/htdocs/stayable/server/src/controllers/common/notificationController.js:18:4)","timestamp":"2024-03-01T08:56:19.312Z"}
{"level":"error","message":"CastError: Cast to ObjectId failed for value \"\" (type string) at path \"hotelId\" for model \"rooms\"","stack":"at /opt/lampp/htdocs/stayable/server/src/middleware/catchErrors.js:6:3","timestamp":"2024-03-01T08:56:19.320Z"}
{"level":"error","message":"Error fetching notification:","stack":"at notification (/opt/lampp/htdocs/stayable/server/src/controllers/common/notificationController.js:18:4)","timestamp":"2024-03-01T08:57:26.005Z"}
{"level":"error","message":"CastError: Cast to ObjectId failed for value \"\" (type string) at path \"hotelId\" for model \"rooms\"","stack":"at /opt/lampp/htdocs/stayable/server/src/middleware/catchErrors.js:6:3","timestamp":"2024-03-01T08:57:26.026Z"}
{"level":"error","message":"Error fetching notification:","stack":"at notification (/opt/lampp/htdocs/stayable/server/src/controllers/common/notificationController.js:18:4)","timestamp":"2024-03-01T08:57:26.076Z"}
{"level":"error","message":"CastError: Cast to ObjectId failed for value \"\" (type string) at path \"hotelId\" for model \"rooms\"","stack":"at /opt/lampp/htdocs/stayable/server/src/middleware/catchErrors.js:6:3","timestamp":"2024-03-01T08:57:26.091Z"}
{"level":"error","message":"Error fetching notification:","stack":"at notification (/opt/lampp/htdocs/stayable/server/src/controllers/common/notificationController.js:18:4)","timestamp":"2024-03-01T08:58:03.001Z"}
{"level":"error","message":"CastError: Cast to ObjectId failed for value \"\" (type string) at path \"hotelId\" for model \"rooms\"","stack":"at /opt/lampp/htdocs/stayable/server/src/middleware/catchErrors.js:6:3","timestamp":"2024-03-01T08:58:03.026Z"}
{"level":"error","message":"Error fetching notification:","stack":"at notification (/opt/lampp/htdocs/stayable/server/src/controllers/common/notificationController.js:18:4)","timestamp":"2024-03-01T08:58:03.060Z"}
{"level":"error","message":"CastError: Cast to ObjectId failed for value \"\" (type string) at path \"hotelId\" for model \"rooms\"","stack":"at /opt/lampp/htdocs/stayable/server/src/middleware/catchErrors.js:6:3","timestamp":"2024-03-01T08:58:03.069Z"}
{"level":"error","message":"Error fetching notification:","stack":"at notification (/opt/lampp/htdocs/stayable/server/src/controllers/common/notificationController.js:18:4)","timestamp":"2024-03-01T08:58:25.446Z"}
{"level":"error","message":"CastError: Cast to ObjectId failed for value \"\" (type string) at path \"hotelId\" for model \"rooms\"","stack":"at /opt/lampp/htdocs/stayable/server/src/middleware/catchErrors.js:6:3","timestamp":"2024-03-01T08:58:25.459Z"}
{"level":"error","message":"Error fetching notification:","stack":"at notification (/opt/lampp/htdocs/stayable/server/src/controllers/common/notificationController.js:18:4)","timestamp":"2024-03-01T08:58:25.496Z"}
{"level":"error","message":"CastError: Cast to ObjectId failed for value \"\" (type string) at path \"hotelId\" for model \"rooms\"","stack":"at /opt/lampp/htdocs/stayable/server/src/middleware/catchErrors.js:6:3","timestamp":"2024-03-01T08:58:25.507Z"}
{"level":"error","message":"Error fetching notification:","stack":"at notification (/opt/lampp/htdocs/stayable/server/src/controllers/common/notificationController.js:18:4)","timestamp":"2024-03-01T08:59:17.909Z"}
{"level":"error","message":"CastError: Cast to ObjectId failed for value \"\" (type string) at path \"hotelId\" for model \"rooms\"","stack":"at /opt/lampp/htdocs/stayable/server/src/middleware/catchErrors.js:6:3","timestamp":"2024-03-01T08:59:17.926Z"}
{"level":"error","message":"Error fetching notification:","stack":"at notification (/opt/lampp/htdocs/stayable/server/src/controllers/common/notificationController.js:18:4)","timestamp":"2024-03-01T08:59:17.968Z"}
{"level":"error","message":"CastError: Cast to ObjectId failed for value \"\" (type string) at path \"hotelId\" for model \"rooms\"","stack":"at /opt/lampp/htdocs/stayable/server/src/middleware/catchErrors.js:6:3","timestamp":"2024-03-01T08:59:17.983Z"}
{"level":"error","message":"Error fetching notification:","stack":"at notification (/opt/lampp/htdocs/stayable/server/src/controllers/common/notificationController.js:18:4)","timestamp":"2024-03-01T09:01:19.075Z"}
{"level":"error","message":"CastError: Cast to ObjectId failed for value \"\" (type string) at path \"hotelId\" for model \"rooms\"","stack":"at /opt/lampp/htdocs/stayable/server/src/middleware/catchErrors.js:6:3","timestamp":"2024-03-01T09:01:19.097Z"}
{"level":"error","message":"Error fetching notification:","stack":"at notification (/opt/lampp/htdocs/stayable/server/src/controllers/common/notificationController.js:18:4)","timestamp":"2024-03-01T09:01:19.151Z"}
{"level":"error","message":"CastError: Cast to ObjectId failed for value \"\" (type string) at path \"hotelId\" for model \"rooms\"","stack":"at /opt/lampp/htdocs/stayable/server/src/middleware/catchErrors.js:6:3","timestamp":"2024-03-01T09:01:19.163Z"}
{"level":"error","message":"Error fetching notification:","stack":"at notification (/opt/lampp/htdocs/stayable/server/src/controllers/common/notificationController.js:18:4)","timestamp":"2024-03-01T09:06:51.178Z"}
{"level":"error","message":"CastError: Cast to ObjectId failed for value \"\" (type string) at path \"hotelId\" for model \"rooms\"","stack":"at /opt/lampp/htdocs/stayable/server/src/middleware/catchErrors.js:6:3","timestamp":"2024-03-01T09:06:51.206Z"}
{"level":"error","message":"Error fetching notification:","stack":"at notification (/opt/lampp/htdocs/stayable/server/src/controllers/common/notificationController.js:18:4)","timestamp":"2024-03-01T09:06:51.290Z"}
{"level":"error","message":"CastError: Cast to ObjectId failed for value \"\" (type string) at path \"hotelId\" for model \"rooms\"","stack":"at /opt/lampp/htdocs/stayable/server/src/middleware/catchErrors.js:6:3","timestamp":"2024-03-01T09:06:51.350Z"}
{"level":"error","message":"Error fetching notification:","stack":"at notification (/opt/lampp/htdocs/stayable/server/src/controllers/common/notificationController.js:18:4)","timestamp":"2024-03-01T09:06:53.096Z"}
{"level":"error","message":"Error fetching notification:","stack":"at notification (/opt/lampp/htdocs/stayable/server/src/controllers/common/notificationController.js:18:4)","timestamp":"2024-03-01T09:06:53.171Z"}
{"level":"error","message":"Error fetching notification:","stack":"at notification (/opt/lampp/htdocs/stayable/server/src/controllers/common/notificationController.js:18:4)","timestamp":"2024-03-01T09:24:32.195Z"}
{"level":"error","message":"Error fetching notification:","stack":"at notification (/opt/lampp/htdocs/stayable/server/src/controllers/common/notificationController.js:18:4)","timestamp":"2024-03-01T09:24:32.218Z"}
{"level":"error","message":"CastError: Cast to ObjectId failed for value \"\" (type string) at path \"hotelId\" for model \"rooms\"","stack":"at /opt/lampp/htdocs/stayable/server/src/middleware/catchErrors.js:6:3","timestamp":"2024-03-01T09:24:32.243Z"}
{"level":"error","message":"CastError: Cast to ObjectId failed for value \"\" (type string) at path \"hotelId\" for model \"rooms\"","stack":"at /opt/lampp/htdocs/stayable/server/src/middleware/catchErrors.js:6:3","timestamp":"2024-03-01T09:24:32.284Z"}
{"level":"error","message":"CastError: Cast to ObjectId failed for value \"\" (type string) at path \"hotelId\" for model \"rooms\"","stack":"at /opt/lampp/htdocs/stayable/server/src/middleware/catchErrors.js:6:3","timestamp":"2024-03-01T09:25:55.117Z"}
{"level":"error","message":"CastError: Cast to ObjectId failed for value \"\" (type string) at path \"hotelId\" for model \"rooms\"","stack":"at /opt/lampp/htdocs/stayable/server/src/middleware/catchErrors.js:6:3","timestamp":"2024-03-01T09:25:55.177Z"}
{"level":"error","message":"CastError: Cast to ObjectId failed for value \"\" (type string) at path \"hotelId\" for model \"rooms\"","stack":"at /opt/lampp/htdocs/stayable/server/src/middleware/catchErrors.js:6:3","timestamp":"2024-03-01T09:26:05.571Z"}
{"level":"error","message":"CastError: Cast to ObjectId failed for value \"\" (type string) at path \"hotelId\" for model \"rooms\"","stack":"at /opt/lampp/htdocs/stayable/server/src/middleware/catchErrors.js:6:3","timestamp":"2024-03-01T09:26:05.577Z"}
{"level":"error","message":"CastError: Cast to ObjectId failed for value \"\" (type string) at path \"hotelId\" for model \"rooms\"","stack":"at /opt/lampp/htdocs/stayable/server/src/middleware/catchErrors.js:6:3","timestamp":"2024-03-01T10:01:51.851Z"}
{"level":"error","message":"CastError: Cast to ObjectId failed for value \"\" (type string) at path \"hotelId\" for model \"rooms\"","stack":"at /opt/lampp/htdocs/stayable/server/src/middleware/catchErrors.js:6:3","timestamp":"2024-03-01T10:01:51.859Z"}
{"level":"error","message":"Error fetching notification:","stack":"at notification (/opt/lampp/htdocs/stayable/server/src/controllers/common/notificationController.js:18:4)","timestamp":"2024-03-01T10:02:30.011Z"}
{"level":"error","message":"CastError: Cast to ObjectId failed for value \"\" (type string) at path \"hotelId\" for model \"rooms\"","stack":"at /opt/lampp/htdocs/stayable/server/src/middleware/catchErrors.js:6:3","timestamp":"2024-03-01T10:02:30.030Z"}
{"level":"error","message":"Error fetching notification:","stack":"at notification (/opt/lampp/htdocs/stayable/server/src/controllers/common/notificationController.js:18:4)","timestamp":"2024-03-01T10:02:30.067Z"}
{"level":"error","message":"CastError: Cast to ObjectId failed for value \"\" (type string) at path \"hotelId\" for model \"rooms\"","stack":"at /opt/lampp/htdocs/stayable/server/src/middleware/catchErrors.js:6:3","timestamp":"2024-03-01T10:02:30.098Z"}
{"level":"error","message":"Error fetching notification:","stack":"at notification (/opt/lampp/htdocs/stayable/server/src/controllers/common/notificationController.js:18:4)","timestamp":"2024-03-01T10:16:58.140Z"}
{"level":"error","message":"Error fetching notification:","stack":"at notification (/opt/lampp/htdocs/stayable/server/src/controllers/common/notificationController.js:18:4)","timestamp":"2024-03-01T10:16:58.181Z"}
{"level":"error","message":"Error fetching notification:","stack":"at notification (/opt/lampp/htdocs/stayable/server/src/controllers/common/notificationController.js:18:4)","timestamp":"2024-03-01T10:48:40.230Z"}
{"level":"error","message":"Error fetching notification:","stack":"at notification (/opt/lampp/htdocs/stayable/server/src/controllers/common/notificationController.js:18:4)","timestamp":"2024-03-01T10:48:40.274Z"}
{"level":"error","message":"Error fetching notification:","stack":"at notification (/opt/lampp/htdocs/stayable/server/src/controllers/common/notificationController.js:18:4)","timestamp":"2024-03-01T10:50:02.310Z"}
{"level":"error","message":"Error fetching notification:","stack":"at notification (/opt/lampp/htdocs/stayable/server/src/controllers/common/notificationController.js:18:4)","timestamp":"2024-03-01T10:50:02.357Z"}
{"level":"error","message":"Error fetching notification:","stack":"at notification (/opt/lampp/htdocs/stayable/server/src/controllers/common/notificationController.js:18:4)","timestamp":"2024-03-01T10:50:45.535Z"}
{"level":"error","message":"Error fetching notification:","stack":"at notification (/opt/lampp/htdocs/stayable/server/src/controllers/common/notificationController.js:18:4)","timestamp":"2024-03-01T10:50:45.569Z"}
{"level":"error","message":"Error fetching notification:","stack":"at notification (/opt/lampp/htdocs/stayable/server/src/controllers/common/notificationController.js:18:4)","timestamp":"2024-03-01T10:53:26.606Z"}
{"level":"error","message":"Error fetching notification:","stack":"at notification (/opt/lampp/htdocs/stayable/server/src/controllers/common/notificationController.js:18:4)","timestamp":"2024-03-01T10:53:26.644Z"}
{"level":"error","message":"Error fetching notification:","stack":"at notification (/opt/lampp/htdocs/stayable/server/src/controllers/common/notificationController.js:18:4)","timestamp":"2024-03-01T11:00:21.917Z"}
{"level":"error","message":"CastError: Cast to ObjectId failed for value \"\" (type string) at path \"hotelId\" for model \"rooms\"","stack":"at /opt/lampp/htdocs/stayable/server/src/middleware/catchErrors.js:6:3","timestamp":"2024-03-01T11:00:21.966Z"}
{"level":"error","message":"Error fetching notification:","stack":"at notification (/opt/lampp/htdocs/stayable/server/src/controllers/common/notificationController.js:18:4)","timestamp":"2024-03-01T11:00:22.005Z"}
{"level":"error","message":"CastError: Cast to ObjectId failed for value \"\" (type string) at path \"hotelId\" for model \"rooms\"","stack":"at /opt/lampp/htdocs/stayable/server/src/middleware/catchErrors.js:6:3","timestamp":"2024-03-01T11:00:22.038Z"}
{"level":"error","message":"Error fetching notification:","stack":"at notification (/opt/lampp/htdocs/stayable/server/src/controllers/common/notificationController.js:18:4)","timestamp":"2024-03-01T11:00:58.103Z"}
{"level":"error","message":"CastError: Cast to ObjectId failed for value \"\" (type string) at path \"hotelId\" for model \"rooms\"","stack":"at /opt/lampp/htdocs/stayable/server/src/middleware/catchErrors.js:6:3","timestamp":"2024-03-01T11:00:58.114Z"}
{"level":"error","message":"Error fetching notification:","stack":"at notification (/opt/lampp/htdocs/stayable/server/src/controllers/common/notificationController.js:18:4)","timestamp":"2024-03-01T11:00:58.153Z"}
{"level":"error","message":"CastError: Cast to ObjectId failed for value \"\" (type string) at path \"hotelId\" for model \"rooms\"","stack":"at /opt/lampp/htdocs/stayable/server/src/middleware/catchErrors.js:6:3","timestamp":"2024-03-01T11:00:58.166Z"}
{"level":"error","message":"Error fetching notification:","stack":"at notification (/opt/lampp/htdocs/stayable/server/src/controllers/common/notificationController.js:18:4)","timestamp":"2024-03-01T11:01:13.995Z"}
{"level":"error","message":"CastError: Cast to ObjectId failed for value \"\" (type string) at path \"hotelId\" for model \"rooms\"","stack":"at /opt/lampp/htdocs/stayable/server/src/middleware/catchErrors.js:6:3","timestamp":"2024-03-01T11:01:14.057Z"}
{"level":"error","message":"Error fetching notification:","stack":"at notification (/opt/lampp/htdocs/stayable/server/src/controllers/common/notificationController.js:18:4)","timestamp":"2024-03-01T11:01:14.222Z"}
{"level":"error","message":"CastError: Cast to ObjectId failed for value \"\" (type string) at path \"hotelId\" for model \"rooms\"","stack":"at /opt/lampp/htdocs/stayable/server/src/middleware/catchErrors.js:6:3","timestamp":"2024-03-01T11:01:14.235Z"}
{"level":"error","message":"Error fetching notification:","stack":"at notification (/opt/lampp/htdocs/stayable/server/src/controllers/common/notificationController.js:18:4)","timestamp":"2024-03-01T11:31:54.483Z"}
{"level":"error","message":"CastError: Cast to ObjectId failed for value \"\" (type string) at path \"hotelId\" for model \"rooms\"","stack":"at /opt/lampp/htdocs/stayable/server/src/middleware/catchErrors.js:6:3","timestamp":"2024-03-01T11:31:54.503Z"}
{"level":"error","message":"Error fetching notification:","stack":"at notification (/opt/lampp/htdocs/stayable/server/src/controllers/common/notificationController.js:18:4)","timestamp":"2024-03-01T11:31:54.531Z"}
{"level":"error","message":"CastError: Cast to ObjectId failed for value \"\" (type string) at path \"hotelId\" for model \"rooms\"","stack":"at /opt/lampp/htdocs/stayable/server/src/middleware/catchErrors.js:6:3","timestamp":"2024-03-01T11:31:54.537Z"}
{"level":"error","message":"Error fetching notification:","stack":"at notification (/opt/lampp/htdocs/stayable/server/src/controllers/common/notificationController.js:18:4)","timestamp":"2024-03-01T11:35:10.845Z"}
{"level":"error","message":"CastError: Cast to ObjectId failed for value \"\" (type string) at path \"hotelId\" for model \"rooms\"","stack":"at /opt/lampp/htdocs/stayable/server/src/middleware/catchErrors.js:6:3","timestamp":"2024-03-01T11:35:10.920Z"}
{"level":"error","message":"Error fetching notification:","stack":"at notification (/opt/lampp/htdocs/stayable/server/src/controllers/common/notificationController.js:18:4)","timestamp":"2024-03-01T11:35:10.955Z"}
{"level":"error","message":"CastError: Cast to ObjectId failed for value \"\" (type string) at path \"hotelId\" for model \"rooms\"","stack":"at /opt/lampp/htdocs/stayable/server/src/middleware/catchErrors.js:6:3","timestamp":"2024-03-01T11:35:10.988Z"}
{"level":"error","message":"Error fetching notification:","stack":"at notification (/opt/lampp/htdocs/stayable/server/src/controllers/common/notificationController.js:18:4)","timestamp":"2024-03-01T11:35:24.868Z"}
{"level":"error","message":"CastError: Cast to ObjectId failed for value \"\" (type string) at path \"hotelId\" for model \"rooms\"","stack":"at /opt/lampp/htdocs/stayable/server/src/middleware/catchErrors.js:6:3","timestamp":"2024-03-01T11:35:24.891Z"}
{"level":"error","message":"Error fetching notification:","stack":"at notification (/opt/lampp/htdocs/stayable/server/src/controllers/common/notificationController.js:18:4)","timestamp":"2024-03-01T11:35:24.914Z"}
{"level":"error","message":"CastError: Cast to ObjectId failed for value \"\" (type string) at path \"hotelId\" for model \"rooms\"","stack":"at /opt/lampp/htdocs/stayable/server/src/middleware/catchErrors.js:6:3","timestamp":"2024-03-01T11:35:24.929Z"}
{"level":"error","message":"CastError: Cast to ObjectId failed for value \"\" (type string) at path \"hotelId\" for model \"rooms\"","stack":"at /opt/lampp/htdocs/stayable/server/src/middleware/catchErrors.js:6:3","timestamp":"2024-03-01T11:38:06.880Z"}
{"level":"error","message":"CastError: Cast to ObjectId failed for value \"\" (type string) at path \"hotelId\" for model \"rooms\"","stack":"at /opt/lampp/htdocs/stayable/server/src/middleware/catchErrors.js:6:3","timestamp":"2024-03-01T11:38:06.884Z"}
{"level":"error","message":"Error fetching notification:","stack":"at notification (/opt/lampp/htdocs/stayable/server/src/controllers/common/notificationController.js:18:4)","timestamp":"2024-03-01T11:48:40.354Z"}
{"level":"error","message":"Error fetching notification:","stack":"at notification (/opt/lampp/htdocs/stayable/server/src/controllers/common/notificationController.js:18:4)","timestamp":"2024-03-01T11:48:40.442Z"}
{"level":"error","message":"Error fetching notification:","stack":"at notification (/opt/lampp/htdocs/stayable/server/src/controllers/common/notificationController.js:18:4)","timestamp":"2024-03-01T11:54:02.679Z"}
{"level":"error","message":"Error fetching notification:","stack":"at notification (/opt/lampp/htdocs/stayable/server/src/controllers/common/notificationController.js:18:4)","timestamp":"2024-03-01T11:54:02.746Z"}
{"level":"error","message":"Error fetching notification:","stack":"at notification (/opt/lampp/htdocs/stayable/server/src/controllers/common/notificationController.js:18:4)","timestamp":"2024-03-01T11:54:46.665Z"}
{"level":"error","message":"Error fetching notification:","stack":"at notification (/opt/lampp/htdocs/stayable/server/src/controllers/common/notificationController.js:18:4)","timestamp":"2024-03-01T11:54:46.800Z"}
{"level":"error","message":"Error fetching notification:","stack":"at notification (/opt/lampp/htdocs/stayable/server/src/controllers/common/notificationController.js:18:4)","timestamp":"2024-03-01T11:54:57.410Z"}
{"level":"error","message":"Error fetching notification:","stack":"at notification (/opt/lampp/htdocs/stayable/server/src/controllers/common/notificationController.js:18:4)","timestamp":"2024-03-01T11:54:57.465Z"}
{"level":"error","message":"Error fetching notification:","stack":"at notification (/opt/lampp/htdocs/stayable/server/src/controllers/common/notificationController.js:18:4)","timestamp":"2024-03-01T11:58:54.189Z"}
{"level":"error","message":"Error fetching notification:","stack":"at notification (/opt/lampp/htdocs/stayable/server/src/controllers/common/notificationController.js:18:4)","timestamp":"2024-03-01T11:58:54.258Z"}
{"level":"error","message":"Error fetching notification:","stack":"at notification (/opt/lampp/htdocs/stayable/server/src/controllers/common/notificationController.js:18:4)","timestamp":"2024-03-01T11:59:11.411Z"}
{"level":"error","message":"Error fetching notification:","stack":"at notification (/opt/lampp/htdocs/stayable/server/src/controllers/common/notificationController.js:18:4)","timestamp":"2024-03-01T11:59:11.462Z"}
{"level":"error","message":"CastError: Cast to ObjectId failed for value \"\" (type string) at path \"hotelId\" for model \"rooms\"","stack":"at /opt/lampp/htdocs/stayable/server/src/middleware/catchErrors.js:6:3","timestamp":"2024-03-01T12:04:11.314Z"}
{"level":"error","message":"CastError: Cast to ObjectId failed for value \"\" (type string) at path \"hotelId\" for model \"rooms\"","stack":"at /opt/lampp/htdocs/stayable/server/src/middleware/catchErrors.js:6:3","timestamp":"2024-03-01T12:04:11.355Z"}
{"level":"error","message":"Error fetching notification:","stack":"at notification (/opt/lampp/htdocs/stayable/server/src/controllers/common/notificationController.js:18:4)","timestamp":"2024-03-01T12:10:28.411Z"}
{"level":"error","message":"Error fetching notification:","stack":"at notification (/opt/lampp/htdocs/stayable/server/src/controllers/common/notificationController.js:18:4)","timestamp":"2024-03-01T12:10:28.466Z"}
{"level":"error","message":"Error fetching notification:","stack":"at notification (/opt/lampp/htdocs/stayable/server/src/controllers/common/notificationController.js:18:4)","timestamp":"2024-03-01T12:13:40.021Z"}
{"level":"error","message":"Error fetching notification:","stack":"at notification (/opt/lampp/htdocs/stayable/server/src/controllers/common/notificationController.js:18:4)","timestamp":"2024-03-01T12:13:40.086Z"}
{"level":"error","message":"Error fetching notification:","stack":"at notification (/opt/lampp/htdocs/stayable/server/src/controllers/common/notificationController.js:18:4)","timestamp":"2024-03-01T12:14:00.767Z"}
{"level":"error","message":"Error fetching notification:","stack":"at notification (/opt/lampp/htdocs/stayable/server/src/controllers/common/notificationController.js:18:4)","timestamp":"2024-03-01T12:14:00.805Z"}
{"level":"error","message":"Error fetching notification:","stack":"at notification (/opt/lampp/htdocs/stayable/server/src/controllers/common/notificationController.js:18:4)","timestamp":"2024-03-01T12:15:13.020Z"}
{"level":"error","message":"Error fetching notification:","stack":"at notification (/opt/lampp/htdocs/stayable/server/src/controllers/common/notificationController.js:18:4)","timestamp":"2024-03-01T12:15:13.112Z"}
{"level":"error","message":"Error fetching notification:","stack":"at notification (/opt/lampp/htdocs/stayable/server/src/controllers/common/notificationController.js:18:4)","timestamp":"2024-03-01T12:43:15.562Z"}
{"level":"error","message":"Error fetching notification:","stack":"at notification (/opt/lampp/htdocs/stayable/server/src/controllers/common/notificationController.js:18:4)","timestamp":"2024-03-01T12:43:15.676Z"}
{"level":"error","message":"Error fetching notification:","stack":"at notification (/opt/lampp/htdocs/stayable/server/src/controllers/common/notificationController.js:18:4)","timestamp":"2024-03-01T12:47:46.412Z"}
{"level":"error","message":"Error fetching notification:","stack":"at notification (/opt/lampp/htdocs/stayable/server/src/controllers/common/notificationController.js:18:4)","timestamp":"2024-03-01T12:47:46.458Z"}
{"level":"error","message":"Error fetching notification:","stack":"at notification (/opt/lampp/htdocs/stayable/server/src/controllers/common/notificationController.js:18:4)","timestamp":"2024-03-01T12:49:05.498Z"}
{"level":"error","message":"Error fetching notification:","stack":"at notification (/opt/lampp/htdocs/stayable/server/src/controllers/common/notificationController.js:18:4)","timestamp":"2024-03-01T12:49:05.536Z"}
{"level":"error","message":"Error fetching notification:","stack":"at notification (/opt/lampp/htdocs/Stayble/stayable/server/src/controllers/common/notificationController.js:18:4)","timestamp":"2024-03-01T13:25:36.180Z"}
{"level":"error","message":"Error fetching notification:","stack":"at notification (/opt/lampp/htdocs/Stayble/stayable/server/src/controllers/common/notificationController.js:18:4)","timestamp":"2024-03-01T13:25:36.244Z"}
